# JRE version: OpenJDK Runtime Environment (17.0.11) (build 17.0.11+0--11852314)
# Java VM: OpenJDK 64-Bit Server VM (17.0.11+0--11852314, mixed mode, tiered, compressed oops, compressed class ptrs, g1 gc, windows-amd64)
GC Precious Log:
 CPUs: 4 total, 4 available
 Memory: 8025M
 Large Page Support: Disabled
 NUMA Support: Disabled
 Compressed Oops: Enabled (32-bit)
 Heap Region Size: 1M
 Heap Min Capacity: 8M
 Heap Initial Capacity: 126M
 Heap Max Capacity: 2G
 Pre-touch: Disabled
 Parallel Workers: 4
 Concurrent Workers: 1
 Concurrent Refinement Workers: 4
 Periodic GC: Disabled
Heap:
 garbage-first heap   total 512000K, used 257535K [0x0000000080000000, 0x0000000100000000)
  region size 1024K, 21 young (21504K), 21 survivors (21504K)
 Metaspace       used 195748K, committed 197120K, reserved 1245184K
  class space    used 24755K, committed 25600K, reserved 1048576K
GC Heap History (20 events):
Event: 83.581 GC heap after
{Heap after GC invocations=59 (full 0):
 garbage-first heap   total 400384K, used 228644K [0x0000000080000000, 0x0000000100000000)
  region size 1024K, 9 young (9216K), 9 survivors (9216K)
 Metaspace       used 184173K, committed 185280K, reserved 1245184K
  class space    used 23801K, committed 24320K, reserved 1048576K
}
Event: 106.458 GC heap before
{Heap before GC invocations=59 (full 0):
 garbage-first heap   total 400384K, used 334116K [0x0000000080000000, 0x0000000100000000)
  region size 1024K, 112 young (114688K), 9 survivors (9216K)
 Metaspace       used 184775K, committed 185920K, reserved 1245184K
  class space    used 23829K, committed 24384K, reserved 1048576K
}
Event: 106.469 GC heap after
{Heap after GC invocations=60 (full 0):
 garbage-first heap   total 400384K, used 225791K [0x0000000080000000, 0x0000000100000000)
  region size 1024K, 2 young (2048K), 2 survivors (2048K)
 Metaspace       used 184775K, committed 185920K, reserved 1245184K
  class space    used 23829K, committed 24384K, reserved 1048576K
}
Event: 139.512 GC heap before
{Heap before GC invocations=60 (full 0):
 garbage-first heap   total 400384K, used 337407K [0x0000000080000000, 0x0000000100000000)
  region size 1024K, 111 young (113664K), 2 survivors (2048K)
 Metaspace       used 185350K, committed 186496K, reserved 1245184K
  class space    used 23841K, committed 24384K, reserved 1048576K
}
Event: 139.519 GC heap after
{Heap after GC invocations=61 (full 0):
 garbage-first heap   total 400384K, used 226350K [0x0000000080000000, 0x0000000100000000)
  region size 1024K, 3 young (3072K), 3 survivors (3072K)
 Metaspace       used 185350K, committed 186496K, reserved 1245184K
  class space    used 23841K, committed 24384K, reserved 1048576K
}
Event: 142.109 GC heap before
{Heap before GC invocations=61 (full 0):
 garbage-first heap   total 400384K, used 340014K [0x0000000080000000, 0x0000000100000000)
  region size 1024K, 114 young (116736K), 3 survivors (3072K)
 Metaspace       used 185786K, committed 187008K, reserved 1245184K
  class space    used 23867K, committed 24448K, reserved 1048576K
}
Event: 142.127 GC heap after
{Heap after GC invocations=62 (full 0):
 garbage-first heap   total 400384K, used 237816K [0x0000000080000000, 0x0000000100000000)
  region size 1024K, 14 young (14336K), 14 survivors (14336K)
 Metaspace       used 185786K, committed 187008K, reserved 1245184K
  class space    used 23867K, committed 24448K, reserved 1048576K
}
Event: 1045.289 GC heap before
{Heap before GC invocations=62 (full 0):
 garbage-first heap   total 400384K, used 331000K [0x0000000080000000, 0x0000000100000000)
  region size 1024K, 107 young (109568K), 14 survivors (14336K)
 Metaspace       used 187531K, committed 188800K, reserved 1245184K
  class space    used 24124K, committed 24768K, reserved 1048576K
}
Event: 1045.320 GC heap after
{Heap after GC invocations=63 (full 0):
 garbage-first heap   total 400384K, used 233048K [0x0000000080000000, 0x0000000100000000)
  region size 1024K, 7 young (7168K), 7 survivors (7168K)
 Metaspace       used 187531K, committed 188800K, reserved 1245184K
  class space    used 24124K, committed 24768K, reserved 1048576K
}
Event: 1047.354 GC heap before
{Heap before GC invocations=64 (full 0):
 garbage-first heap   total 449536K, used 337496K [0x0000000080000000, 0x0000000100000000)
  region size 1024K, 107 young (109568K), 7 survivors (7168K)
 Metaspace       used 194033K, committed 195264K, reserved 1245184K
  class space    used 24820K, committed 25472K, reserved 1048576K
}
Event: 1047.393 GC heap after
{Heap after GC invocations=65 (full 0):
 garbage-first heap   total 449536K, used 240927K [0x0000000080000000, 0x0000000100000000)
  region size 1024K, 14 young (14336K), 14 survivors (14336K)
 Metaspace       used 194033K, committed 195264K, reserved 1245184K
  class space    used 24820K, committed 25472K, reserved 1048576K
}
Event: 1047.501 GC heap before
{Heap before GC invocations=65 (full 0):
 garbage-first heap   total 449536K, used 247071K [0x0000000080000000, 0x0000000100000000)
  region size 1024K, 21 young (21504K), 14 survivors (14336K)
 Metaspace       used 194057K, committed 195392K, reserved 1245184K
  class space    used 24820K, committed 25472K, reserved 1048576K
}
Event: 1047.562 GC heap after
{Heap after GC invocations=66 (full 0):
 garbage-first heap   total 449536K, used 228986K [0x0000000080000000, 0x0000000100000000)
  region size 1024K, 2 young (2048K), 2 survivors (2048K)
 Metaspace       used 194057K, committed 195392K, reserved 1245184K
  class space    used 24820K, committed 25472K, reserved 1048576K
}
Event: 3030.781 GC heap before
{Heap before GC invocations=66 (full 0):
 garbage-first heap   total 449536K, used 381562K [0x0000000080000000, 0x0000000100000000)
  region size 1024K, 145 young (148480K), 2 survivors (2048K)
 Metaspace       used 195017K, committed 196352K, reserved 1245184K
  class space    used 24914K, committed 25600K, reserved 1048576K
}
Event: 3030.844 GC heap after
{Heap after GC invocations=67 (full 0):
 garbage-first heap   total 449536K, used 243171K [0x0000000080000000, 0x0000000100000000)
  region size 1024K, 16 young (16384K), 16 survivors (16384K)
 Metaspace       used 195017K, committed 196352K, reserved 1245184K
  class space    used 24914K, committed 25600K, reserved 1048576K
}
Event: 3034.080 GC heap before
{Heap before GC invocations=68 (full 0):
 garbage-first heap   total 512000K, used 381411K [0x0000000080000000, 0x0000000100000000)
  region size 1024K, 143 young (146432K), 16 survivors (16384K)
 Metaspace       used 194192K, committed 196416K, reserved 1245184K
  class space    used 24652K, committed 25600K, reserved 1048576K
}
Event: 3034.160 GC heap after
{Heap after GC invocations=69 (full 0):
 garbage-first heap   total 512000K, used 263153K [0x0000000080000000, 0x0000000100000000)
  region size 1024K, 13 young (13312K), 13 survivors (13312K)
 Metaspace       used 194192K, committed 196416K, reserved 1245184K
  class space    used 24652K, committed 25600K, reserved 1048576K
}
Event: 3034.263 GC heap before
{Heap before GC invocations=69 (full 0):
 garbage-first heap   total 512000K, used 275441K [0x0000000080000000, 0x0000000100000000)
  region size 1024K, 25 young (25600K), 13 survivors (13312K)
 Metaspace       used 194203K, committed 196416K, reserved 1245184K
  class space    used 24652K, committed 25600K, reserved 1048576K
}
Event: 3034.401 GC heap after
{Heap after GC invocations=70 (full 0):
 garbage-first heap   total 512000K, used 245247K [0x0000000080000000, 0x0000000100000000)
  region size 1024K, 4 young (4096K), 4 survivors (4096K)
 Metaspace       used 194203K, committed 196416K, reserved 1245184K
  class space    used 24652K, committed 25600K, reserved 1048576K
}
Event: 3037.069 GC heap before
{Heap before GC invocations=70 (full 0):
 garbage-first heap   total 512000K, used 411135K [0x0000000080000000, 0x0000000100000000)
  region size 1024K, 166 young (169984K), 4 survivors (4096K)
 Metaspace       used 195748K, committed 197120K, reserved 1245184K
  class space    used 24755K, committed 25600K, reserved 1048576K
}

