# JRE version: OpenJDK Runtime Environment (17.0.11) (build 17.0.11+0--11852314)
# Java VM: OpenJDK 64-Bit Server VM (17.0.11+0--11852314, mixed mode, tiered, compressed oops, compressed class ptrs, g1 gc, windows-amd64)
GC Precious Log:
 CPUs: 4 total, 4 available
 Memory: 8025M
 Large Page Support: Disabled
 NUMA Support: Disabled
 Compressed Oops: Enabled (32-bit)
 Heap Region Size: 1M
 Heap Min Capacity: 8M
 Heap Initial Capacity: 126M
 Heap Max Capacity: 2G
 Pre-touch: Disabled
 Parallel Workers: 4
 Concurrent Workers: 1
 Concurrent Refinement Workers: 4
 Periodic GC: Disabled
Heap:
 garbage-first heap   total 532480K, used 167936K [0x0000000080000000, 0x0000000100000000)
  region size 1024K, 21 young (21504K), 21 survivors (21504K)
 Metaspace       used 152780K, committed 154816K, reserved 1245184K
  class space    used 20113K, committed 21120K, reserved 1048576K
GC Heap History (20 events):
Event: 2992.996 GC heap after
{Heap after GC invocations=120 (full 0):
 garbage-first heap   total 532480K, used 137216K [0x0000000080000000, 0x0000000100000000)
  region size 1024K, 4 young (4096K), 4 survivors (4096K)
 Metaspace       used 152469K, committed 154432K, reserved 1245184K
  class space    used 20111K, committed 21120K, reserved 1048576K
}
Event: 2993.074 GC heap before
{Heap before GC invocations=120 (full 0):
 garbage-first heap   total 532480K, used 159744K [0x0000000080000000, 0x0000000100000000)
  region size 1024K, 28 young (28672K), 4 survivors (4096K)
 Metaspace       used 152470K, committed 154432K, reserved 1245184K
  class space    used 20111K, committed 21120K, reserved 1048576K
}
Event: 2993.088 GC heap after
{Heap after GC invocations=121 (full 0):
 garbage-first heap   total 532480K, used 147368K [0x0000000080000000, 0x0000000100000000)
  region size 1024K, 14 young (14336K), 14 survivors (14336K)
 Metaspace       used 152470K, committed 154432K, reserved 1245184K
  class space    used 20111K, committed 21120K, reserved 1048576K
}
Event: 3535.695 GC heap before
{Heap before GC invocations=122 (full 0):
 garbage-first heap   total 532480K, used 351144K [0x0000000080000000, 0x0000000100000000)
  region size 1024K, 182 young (186368K), 14 survivors (14336K)
 Metaspace       used 152565K, committed 154560K, reserved 1245184K
  class space    used 20112K, committed 21120K, reserved 1048576K
}
Event: 3535.721 GC heap after
{Heap after GC invocations=123 (full 0):
 garbage-first heap   total 532480K, used 160336K [0x0000000080000000, 0x0000000100000000)
  region size 1024K, 23 young (23552K), 23 survivors (23552K)
 Metaspace       used 152565K, committed 154560K, reserved 1245184K
  class space    used 20112K, committed 21120K, reserved 1048576K
}
Event: 3535.727 GC heap before
{Heap before GC invocations=123 (full 0):
 garbage-first heap   total 532480K, used 163408K [0x0000000080000000, 0x0000000100000000)
  region size 1024K, 26 young (26624K), 23 survivors (23552K)
 Metaspace       used 152565K, committed 154560K, reserved 1245184K
  class space    used 20112K, committed 21120K, reserved 1048576K
}
Event: 3535.752 GC heap after
{Heap after GC invocations=124 (full 0):
 garbage-first heap   total 532480K, used 155349K [0x0000000080000000, 0x0000000100000000)
  region size 1024K, 4 young (4096K), 4 survivors (4096K)
 Metaspace       used 152565K, committed 154560K, reserved 1245184K
  class space    used 20112K, committed 21120K, reserved 1048576K
}
Event: 3535.818 GC heap before
{Heap before GC invocations=124 (full 0):
 garbage-first heap   total 532480K, used 180949K [0x0000000080000000, 0x0000000100000000)
  region size 1024K, 31 young (31744K), 4 survivors (4096K)
 Metaspace       used 152568K, committed 154560K, reserved 1245184K
  class space    used 20112K, committed 21120K, reserved 1048576K
}
Event: 3535.834 GC heap after
{Heap after GC invocations=125 (full 0):
 garbage-first heap   total 532480K, used 167818K [0x0000000080000000, 0x0000000100000000)
  region size 1024K, 16 young (16384K), 16 survivors (16384K)
 Metaspace       used 152568K, committed 154560K, reserved 1245184K
  class space    used 20112K, committed 21120K, reserved 1048576K
}
Event: 3606.050 GC heap before
{Heap before GC invocations=126 (full 0):
 garbage-first heap   total 532480K, used 324490K [0x0000000080000000, 0x0000000100000000)
  region size 1024K, 152 young (155648K), 16 survivors (16384K)
 Metaspace       used 152640K, committed 154624K, reserved 1245184K
  class space    used 20113K, committed 21120K, reserved 1048576K
}
Event: 3606.069 GC heap after
{Heap after GC invocations=127 (full 0):
 garbage-first heap   total 532480K, used 157421K [0x0000000080000000, 0x0000000100000000)
  region size 1024K, 10 young (10240K), 10 survivors (10240K)
 Metaspace       used 152640K, committed 154624K, reserved 1245184K
  class space    used 20113K, committed 21120K, reserved 1048576K
}
Event: 3606.144 GC heap before
{Heap before GC invocations=127 (full 0):
 garbage-first heap   total 532480K, used 175853K [0x0000000080000000, 0x0000000100000000)
  region size 1024K, 26 young (26624K), 10 survivors (10240K)
 Metaspace       used 152646K, committed 154624K, reserved 1245184K
  class space    used 20113K, committed 21120K, reserved 1048576K
}
Event: 3606.178 GC heap after
{Heap after GC invocations=128 (full 0):
 garbage-first heap   total 532480K, used 149504K [0x0000000080000000, 0x0000000100000000)
  region size 1024K, 4 young (4096K), 4 survivors (4096K)
 Metaspace       used 152646K, committed 154624K, reserved 1245184K
  class space    used 20113K, committed 21120K, reserved 1048576K
}
Event: 3606.267 GC heap before
{Heap before GC invocations=128 (full 0):
 garbage-first heap   total 532480K, used 183296K [0x0000000080000000, 0x0000000100000000)
  region size 1024K, 39 young (39936K), 4 survivors (4096K)
 Metaspace       used 152647K, committed 154624K, reserved 1245184K
  class space    used 20113K, committed 21120K, reserved 1048576K
}
Event: 3606.288 GC heap after
{Heap after GC invocations=129 (full 0):
 garbage-first heap   total 532480K, used 168960K [0x0000000080000000, 0x0000000100000000)
  region size 1024K, 21 young (21504K), 21 survivors (21504K)
 Metaspace       used 152647K, committed 154624K, reserved 1245184K
  class space    used 20113K, committed 21120K, reserved 1048576K
}
Event: 3681.429 GC heap before
{Heap before GC invocations=130 (full 0):
 garbage-first heap   total 532480K, used 324608K [0x0000000080000000, 0x0000000100000000)
  region size 1024K, 155 young (158720K), 21 survivors (21504K)
 Metaspace       used 152759K, committed 154752K, reserved 1245184K
  class space    used 20113K, committed 21120K, reserved 1048576K
}
Event: 3681.461 GC heap after
{Heap after GC invocations=131 (full 0):
 garbage-first heap   total 532480K, used 157317K [0x0000000080000000, 0x0000000100000000)
  region size 1024K, 9 young (9216K), 9 survivors (9216K)
 Metaspace       used 152759K, committed 154752K, reserved 1245184K
  class space    used 20113K, committed 21120K, reserved 1048576K
}
Event: 3681.579 GC heap before
{Heap before GC invocations=131 (full 0):
 garbage-first heap   total 532480K, used 175749K [0x0000000080000000, 0x0000000100000000)
  region size 1024K, 26 young (26624K), 9 survivors (9216K)
 Metaspace       used 152778K, committed 154816K, reserved 1245184K
  class space    used 20113K, committed 21120K, reserved 1048576K
}
Event: 3681.598 GC heap after
{Heap after GC invocations=132 (full 0):
 garbage-first heap   total 532480K, used 148992K [0x0000000080000000, 0x0000000100000000)
  region size 1024K, 4 young (4096K), 4 survivors (4096K)
 Metaspace       used 152778K, committed 154816K, reserved 1245184K
  class space    used 20113K, committed 21120K, reserved 1048576K
}
Event: 3681.700 GC heap before
{Heap before GC invocations=132 (full 0):
 garbage-first heap   total 532480K, used 183808K [0x0000000080000000, 0x0000000100000000)
  region size 1024K, 40 young (40960K), 4 survivors (4096K)
 Metaspace       used 152780K, committed 154816K, reserved 1245184K
  class space    used 20113K, committed 21120K, reserved 1048576K
}

