# JRE version: OpenJDK Runtime Environment (17.0.11) (build 17.0.11+0--11852314)
# Java VM: OpenJDK 64-Bit Server VM (17.0.11+0--11852314, mixed mode, tiered, compressed oops, compressed class ptrs, g1 gc, windows-amd64)
GC Precious Log:
 CPUs: 4 total, 4 available
 Memory: 8025M
 Large Page Support: Disabled
 NUMA Support: Disabled
 Compressed Oops: Enabled (32-bit)
 Heap Region Size: 1M
 Heap Min Capacity: 8M
 Heap Initial Capacity: 126M
 Heap Max Capacity: 2G
 Pre-touch: Disabled
 Parallel Workers: 4
 Concurrent Workers: 1
 Concurrent Refinement Workers: 4
 Periodic GC: Disabled
Heap:
 garbage-first heap   total 590848K, used 149675K [0x0000000080000000, 0x0000000100000000)
  region size 1024K, 10 young (10240K), 10 survivors (10240K)
 Metaspace       used 149457K, committed 151360K, reserved 1179648K
  class space    used 19883K, committed 20800K, reserved 1048576K
GC Heap History (20 events):
Event: 2282.953 GC heap after
{Heap after GC invocations=86 (full 0):
 garbage-first heap   total 522240K, used 123089K [0x0000000080000000, 0x0000000100000000)
  region size 1024K, 2 young (2048K), 2 survivors (2048K)
 Metaspace       used 146842K, committed 148352K, reserved 1179648K
  class space    used 19492K, committed 20288K, reserved 1048576K
}
Event: 2283.055 GC heap before
{Heap before GC invocations=86 (full 0):
 garbage-first heap   total 522240K, used 140497K [0x0000000080000000, 0x0000000100000000)
  region size 1024K, 20 young (20480K), 2 survivors (2048K)
 Metaspace       used 146855K, committed 148352K, reserved 1179648K
  class space    used 19492K, committed 20288K, reserved 1048576K
}
Event: 2283.058 GC heap after
{Heap after GC invocations=87 (full 0):
 garbage-first heap   total 522240K, used 123281K [0x0000000080000000, 0x0000000100000000)
  region size 1024K, 3 young (3072K), 3 survivors (3072K)
 Metaspace       used 146855K, committed 148352K, reserved 1179648K
  class space    used 19492K, committed 20288K, reserved 1048576K
}
Event: 2413.917 GC heap before
{Heap before GC invocations=88 (full 0):
 garbage-first heap   total 491520K, used 440721K [0x0000000080000000, 0x0000000100000000)
  region size 1024K, 288 young (294912K), 3 survivors (3072K)
 Metaspace       used 147207K, committed 148672K, reserved 1179648K
  class space    used 19499K, committed 20288K, reserved 1048576K
}
Event: 2413.953 GC heap after
{Heap after GC invocations=89 (full 0):
 garbage-first heap   total 491520K, used 152532K [0x0000000080000000, 0x0000000100000000)
  region size 1024K, 31 young (31744K), 31 survivors (31744K)
 Metaspace       used 147207K, committed 148672K, reserved 1179648K
  class space    used 19499K, committed 20288K, reserved 1048576K
}
Event: 2413.956 GC heap before
{Heap before GC invocations=89 (full 0):
 garbage-first heap   total 491520K, used 153556K [0x0000000080000000, 0x0000000100000000)
  region size 1024K, 32 young (32768K), 31 survivors (31744K)
 Metaspace       used 147207K, committed 148672K, reserved 1179648K
  class space    used 19499K, committed 20288K, reserved 1048576K
}
Event: 2413.984 GC heap after
{Heap after GC invocations=90 (full 0):
 garbage-first heap   total 491520K, used 150099K [0x0000000080000000, 0x0000000100000000)
  region size 1024K, 2 young (2048K), 2 survivors (2048K)
 Metaspace       used 147207K, committed 148672K, reserved 1179648K
  class space    used 19499K, committed 20288K, reserved 1048576K
}
Event: 2414.034 GC heap before
{Heap before GC invocations=90 (full 0):
 garbage-first heap   total 491520K, used 162387K [0x0000000080000000, 0x0000000100000000)
  region size 1024K, 16 young (16384K), 2 survivors (2048K)
 Metaspace       used 147216K, committed 148672K, reserved 1179648K
  class space    used 19499K, committed 20288K, reserved 1048576K
}
Event: 2414.043 GC heap after
{Heap after GC invocations=91 (full 0):
 garbage-first heap   total 491520K, used 155824K [0x0000000080000000, 0x0000000100000000)
  region size 1024K, 8 young (8192K), 8 survivors (8192K)
 Metaspace       used 147216K, committed 148672K, reserved 1179648K
  class space    used 19499K, committed 20288K, reserved 1048576K
}
Event: 2427.345 GC heap before
{Heap before GC invocations=92 (full 0):
 garbage-first heap   total 491520K, used 412848K [0x0000000080000000, 0x0000000100000000)
  region size 1024K, 235 young (240640K), 8 survivors (8192K)
 Metaspace       used 148141K, committed 149824K, reserved 1179648K
  class space    used 19679K, committed 20480K, reserved 1048576K
}
Event: 2427.352 GC heap after
{Heap after GC invocations=93 (full 0):
 garbage-first heap   total 491520K, used 145919K [0x0000000080000000, 0x0000000100000000)
  region size 1024K, 4 young (4096K), 4 survivors (4096K)
 Metaspace       used 148141K, committed 149824K, reserved 1179648K
  class space    used 19679K, committed 20480K, reserved 1048576K
}
Event: 2427.414 GC heap before
{Heap before GC invocations=93 (full 0):
 garbage-first heap   total 491520K, used 166399K [0x0000000080000000, 0x0000000100000000)
  region size 1024K, 24 young (24576K), 4 survivors (4096K)
 Metaspace       used 148258K, committed 149952K, reserved 1179648K
  class space    used 19703K, committed 20480K, reserved 1048576K
}
Event: 2427.421 GC heap after
{Heap after GC invocations=94 (full 0):
 garbage-first heap   total 491520K, used 138063K [0x0000000080000000, 0x0000000100000000)
  region size 1024K, 2 young (2048K), 2 survivors (2048K)
 Metaspace       used 148258K, committed 149952K, reserved 1179648K
  class space    used 19703K, committed 20480K, reserved 1048576K
}
Event: 2469.915 GC heap before
{Heap before GC invocations=94 (full 0):
 garbage-first heap   total 491520K, used 284495K [0x0000000080000000, 0x0000000100000000)
  region size 1024K, 146 young (149504K), 2 survivors (2048K)
 Metaspace       used 149318K, committed 151232K, reserved 1179648K
  class space    used 19882K, committed 20800K, reserved 1048576K
}
Event: 2469.936 GC heap after
{Heap after GC invocations=95 (full 0):
 garbage-first heap   total 491520K, used 152991K [0x0000000080000000, 0x0000000100000000)
  region size 1024K, 17 young (17408K), 17 survivors (17408K)
 Metaspace       used 149318K, committed 151232K, reserved 1179648K
  class space    used 19882K, committed 20800K, reserved 1048576K
}
Event: 2545.363 GC heap before
{Heap before GC invocations=96 (full 0):
 garbage-first heap   total 491520K, used 411039K [0x0000000080000000, 0x0000000100000000)
  region size 1024K, 241 young (246784K), 17 survivors (17408K)
 Metaspace       used 149457K, committed 151360K, reserved 1179648K
  class space    used 19883K, committed 20800K, reserved 1048576K
}
Event: 2545.394 GC heap after
{Heap after GC invocations=97 (full 0):
 garbage-first heap   total 491520K, used 158370K [0x0000000080000000, 0x0000000100000000)
  region size 1024K, 31 young (31744K), 31 survivors (31744K)
 Metaspace       used 149457K, committed 151360K, reserved 1179648K
  class space    used 19883K, committed 20800K, reserved 1048576K
}
Event: 2545.396 GC heap before
{Heap before GC invocations=97 (full 0):
 garbage-first heap   total 491520K, used 159394K [0x0000000080000000, 0x0000000100000000)
  region size 1024K, 32 young (32768K), 31 survivors (31744K)
 Metaspace       used 149457K, committed 151360K, reserved 1179648K
  class space    used 19883K, committed 20800K, reserved 1048576K
}
Event: 2545.430 GC heap after
{Heap after GC invocations=98 (full 0):
 garbage-first heap   total 491520K, used 140460K [0x0000000080000000, 0x0000000100000000)
  region size 1024K, 1 young (1024K), 1 survivors (1024K)
 Metaspace       used 149457K, committed 151360K, reserved 1179648K
  class space    used 19883K, committed 20800K, reserved 1048576K
}
Event: 2545.534 GC heap before
{Heap before GC invocations=98 (full 0):
 garbage-first heap   total 491520K, used 184492K [0x0000000080000000, 0x0000000100000000)
  region size 1024K, 45 young (46080K), 1 survivors (1024K)
 Metaspace       used 149457K, committed 151360K, reserved 1179648K
  class space    used 19883K, committed 20800K, reserved 1048576K
}

